Determining if the pthread_create exist failed with the following output:
Change Dir: /home/dji/DJI_Onboard_Sdk/src/Onboard-SDK-ROS/Onboard-SDK-3.8.1-build/CMakeFiles/CMakeTmp

Run Build Command:"/usr/bin/make" "cmTC_dc0b3/fast"
make[3]: Entering directory '/home/dji/DJI_Onboard_Sdk/src/Onboard-SDK-ROS/Onboard-SDK-3.8.1-build/CMakeFiles/CMakeTmp'
/usr/bin/make -f CMakeFiles/cmTC_dc0b3.dir/build.make CMakeFiles/cmTC_dc0b3.dir/build
make[4]: Entering directory '/home/dji/DJI_Onboard_Sdk/src/Onboard-SDK-ROS/Onboard-SDK-3.8.1-build/CMakeFiles/CMakeTmp'
Building C object CMakeFiles/cmTC_dc0b3.dir/CheckSymbolExists.c.o
/usr/bin/cc    -fPIC    -o CMakeFiles/cmTC_dc0b3.dir/CheckSymbolExists.c.o   -c /home/dji/DJI_Onboard_Sdk/src/Onboard-SDK-ROS/Onboard-SDK-3.8.1-build/CMakeFiles/CMakeTmp/CheckSymbolExists.c
Linking C executable cmTC_dc0b3
/usr/bin/cmake -E cmake_link_script CMakeFiles/cmTC_dc0b3.dir/link.txt --verbose=1
/usr/bin/cc  -fPIC     CMakeFiles/cmTC_dc0b3.dir/CheckSymbolExists.c.o  -o cmTC_dc0b3 -rdynamic 
CMakeFiles/cmTC_dc0b3.dir/CheckSymbolExists.c.o: In function `main':
CheckSymbolExists.c:(.text+0x14): undefined reference to `pthread_create'
CheckSymbolExists.c:(.text+0x18): undefined reference to `pthread_create'
collect2: error: ld returned 1 exit status
CMakeFiles/cmTC_dc0b3.dir/build.make:97: recipe for target 'cmTC_dc0b3' failed
make[4]: *** [cmTC_dc0b3] Error 1
make[4]: Leaving directory '/home/dji/DJI_Onboard_Sdk/src/Onboard-SDK-ROS/Onboard-SDK-3.8.1-build/CMakeFiles/CMakeTmp'
Makefile:126: recipe for target 'cmTC_dc0b3/fast' failed
make[3]: *** [cmTC_dc0b3/fast] Error 2
make[3]: Leaving directory '/home/dji/DJI_Onboard_Sdk/src/Onboard-SDK-ROS/Onboard-SDK-3.8.1-build/CMakeFiles/CMakeTmp'

File /home/dji/DJI_Onboard_Sdk/src/Onboard-SDK-ROS/Onboard-SDK-3.8.1-build/CMakeFiles/CMakeTmp/CheckSymbolExists.c:
/* */
#include <pthread.h>

int main(int argc, char** argv)
{
  (void)argv;
#ifndef pthread_create
  return ((int*)(&pthread_create))[argc];
#else
  (void)argc;
  return 0;
#endif
}

Determining if the function pthread_create exists in the pthreads failed with the following output:
Change Dir: /home/dji/DJI_Onboard_Sdk/src/Onboard-SDK-ROS/Onboard-SDK-3.8.1-build/CMakeFiles/CMakeTmp

Run Build Command:"/usr/bin/make" "cmTC_25d8c/fast"
make[3]: Entering directory '/home/dji/DJI_Onboard_Sdk/src/Onboard-SDK-ROS/Onboard-SDK-3.8.1-build/CMakeFiles/CMakeTmp'
/usr/bin/make -f CMakeFiles/cmTC_25d8c.dir/build.make CMakeFiles/cmTC_25d8c.dir/build
make[4]: Entering directory '/home/dji/DJI_Onboard_Sdk/src/Onboard-SDK-ROS/Onboard-SDK-3.8.1-build/CMakeFiles/CMakeTmp'
Building C object CMakeFiles/cmTC_25d8c.dir/CheckFunctionExists.c.o
/usr/bin/cc    -fPIC -DCHECK_FUNCTION_EXISTS=pthread_create   -o CMakeFiles/cmTC_25d8c.dir/CheckFunctionExists.c.o   -c /usr/share/cmake-3.5/Modules/CheckFunctionExists.c
Linking C executable cmTC_25d8c
/usr/bin/cmake -E cmake_link_script CMakeFiles/cmTC_25d8c.dir/link.txt --verbose=1
/usr/bin/cc  -fPIC -DCHECK_FUNCTION_EXISTS=pthread_create    CMakeFiles/cmTC_25d8c.dir/CheckFunctionExists.c.o  -o cmTC_25d8c -rdynamic -lpthreads 
/usr/bin/ld: cannot find -lpthreads
collect2: error: ld returned 1 exit status
CMakeFiles/cmTC_25d8c.dir/build.make:97: recipe for target 'cmTC_25d8c' failed
make[4]: *** [cmTC_25d8c] Error 1
make[4]: Leaving directory '/home/dji/DJI_Onboard_Sdk/src/Onboard-SDK-ROS/Onboard-SDK-3.8.1-build/CMakeFiles/CMakeTmp'
Makefile:126: recipe for target 'cmTC_25d8c/fast' failed
make[3]: *** [cmTC_25d8c/fast] Error 2
make[3]: Leaving directory '/home/dji/DJI_Onboard_Sdk/src/Onboard-SDK-ROS/Onboard-SDK-3.8.1-build/CMakeFiles/CMakeTmp'


